Determining if the pthread_create exist failed with the following output:
Change Dir: /home/marcin/Desktop/kod/net/ethFinal2/build-ethfinal2-Desktop_Qt_5_11_2_GCC_64bit-Default/CMakeFiles/CMakeTmp

Run Build Command:"/usr/bin/make" "cmTC_445d6/fast"
/usr/bin/make -f CMakeFiles/cmTC_445d6.dir/build.make CMakeFiles/cmTC_445d6.dir/build
make[1]: Entering directory '/home/marcin/Desktop/kod/net/ethFinal2/build-ethfinal2-Desktop_Qt_5_11_2_GCC_64bit-Default/CMakeFiles/CMakeTmp'
Building C object CMakeFiles/cmTC_445d6.dir/CheckSymbolExists.c.o
/usr/bin/gcc    -o CMakeFiles/cmTC_445d6.dir/CheckSymbolExists.c.o   -c /home/marcin/Desktop/kod/net/ethFinal2/build-ethfinal2-Desktop_Qt_5_11_2_GCC_64bit-Default/CMakeFiles/CMakeTmp/CheckSymbolExists.c
Linking C executable cmTC_445d6
/usr/bin/cmake -E cmake_link_script CMakeFiles/cmTC_445d6.dir/link.txt --verbose=1
/usr/bin/gcc      -rdynamic CMakeFiles/cmTC_445d6.dir/CheckSymbolExists.c.o  -o cmTC_445d6 
CMakeFiles/cmTC_445d6.dir/CheckSymbolExists.c.o: In function `main':
CheckSymbolExists.c:(.text+0x1b): undefined reference to `pthread_create'
collect2: error: ld returned 1 exit status
CMakeFiles/cmTC_445d6.dir/build.make:97: recipe for target 'cmTC_445d6' failed
make[1]: *** [cmTC_445d6] Error 1
make[1]: Leaving directory '/home/marcin/Desktop/kod/net/ethFinal2/build-ethfinal2-Desktop_Qt_5_11_2_GCC_64bit-Default/CMakeFiles/CMakeTmp'
Makefile:126: recipe for target 'cmTC_445d6/fast' failed
make: *** [cmTC_445d6/fast] Error 2

File /home/marcin/Desktop/kod/net/ethFinal2/build-ethfinal2-Desktop_Qt_5_11_2_GCC_64bit-Default/CMakeFiles/CMakeTmp/CheckSymbolExists.c:
/* */
#include <pthread.h>

int main(int argc, char** argv)
{
  (void)argv;
#ifndef pthread_create
  return ((int*)(&pthread_create))[argc];
#else
  (void)argc;
  return 0;
#endif
}

Determining if the function pthread_create exists in the pthreads failed with the following output:
Change Dir: /home/marcin/Desktop/kod/net/ethFinal2/build-ethfinal2-Desktop_Qt_5_11_2_GCC_64bit-Default/CMakeFiles/CMakeTmp

Run Build Command:"/usr/bin/make" "cmTC_45546/fast"
/usr/bin/make -f CMakeFiles/cmTC_45546.dir/build.make CMakeFiles/cmTC_45546.dir/build
make[1]: Entering directory '/home/marcin/Desktop/kod/net/ethFinal2/build-ethfinal2-Desktop_Qt_5_11_2_GCC_64bit-Default/CMakeFiles/CMakeTmp'
Building C object CMakeFiles/cmTC_45546.dir/CheckFunctionExists.c.o
/usr/bin/gcc   -DCHECK_FUNCTION_EXISTS=pthread_create   -o CMakeFiles/cmTC_45546.dir/CheckFunctionExists.c.o   -c /usr/share/cmake-3.10/Modules/CheckFunctionExists.c
Linking C executable cmTC_45546
/usr/bin/cmake -E cmake_link_script CMakeFiles/cmTC_45546.dir/link.txt --verbose=1
/usr/bin/gcc  -DCHECK_FUNCTION_EXISTS=pthread_create    -rdynamic CMakeFiles/cmTC_45546.dir/CheckFunctionExists.c.o  -o cmTC_45546 -lpthreads 
/usr/bin/ld: cannot find -lpthreads
collect2: error: ld returned 1 exit status
CMakeFiles/cmTC_45546.dir/build.make:97: recipe for target 'cmTC_45546' failed
make[1]: *** [cmTC_45546] Error 1
make[1]: Leaving directory '/home/marcin/Desktop/kod/net/ethFinal2/build-ethfinal2-Desktop_Qt_5_11_2_GCC_64bit-Default/CMakeFiles/CMakeTmp'
Makefile:126: recipe for target 'cmTC_45546/fast' failed
make: *** [cmTC_45546/fast] Error 2


